[2013-04-24 11:31:45] START
[2013-04-24 11:33:12] EDIT remote_debugger/models/db.py: 0
[2013-04-24 11:33:18] EDIT remote_debugger/models/db.py: 0
[2013-04-24 11:33:55] EDIT remote_debugger/models/menu.py: -106
[2013-04-24 11:34:47] EDIT remote_debugger/controllers/default.py: 0
[2013-04-24 11:34:48] EDIT remote_debugger/controllers/default.py: 0
[2013-04-24 11:34:54] EDIT remote_debugger/controllers/default.py: 0
[2013-04-24 11:42:25] EDIT remote_debugger/models/db.py: 0
[2013-04-24 12:08:18] EDIT remote_debugger/models/menu.py: 0
[2013-04-24 12:11:17] EDIT remote_debugger/views/default/index.html: 0
[2013-04-24 12:12:08] EDIT remote_debugger/views/default/index.html: 0
[2013-04-24 12:13:41] EDIT remote_debugger/views/default/index.html: -6
[2013-04-24 12:13:56] EDIT remote_debugger/views/default/index.html: -4
[2013-04-24 12:14:14] EDIT remote_debugger/views/default/index.html: 0
[2013-04-24 12:19:48] EDIT remote_debugger/views/default/index.html: 0
[2013-04-24 12:21:26] EDIT remote_debugger/views/default/index.html: -6
[2013-04-24 12:22:01] EDIT remote_debugger/views/default/index.html: 2
[2013-04-24 12:33:07] EDIT remote_debugger/views/default/index.html: 0
[2013-04-24 12:36:15] EDIT remote_debugger/views/default/index.html: 0
[2013-04-24 12:36:43] EDIT remote_debugger/views/default/index.html: 0
[2013-04-24 12:36:56] EDIT remote_debugger/views/default/index.html: 0
[2013-04-24 12:38:55] EDIT remote_debugger/views/layout.html: 1
[2013-04-24 12:39:06] EDIT remote_debugger/views/layout.html: -1
[2013-04-24 12:39:43] EDIT remote_debugger/views/layout.html: 0
[2013-04-24 12:39:56] EDIT remote_debugger/views/layout.html: 0
[2013-04-24 12:40:05] EDIT remote_debugger/views/layout.html: 0
[2013-04-24 12:40:54] EDIT remote_debugger/views/layout.html: 0
[2013-04-24 12:41:30] EDIT remote_debugger/views/layout.html: -5
[2013-04-24 12:42:54] EDIT remote_debugger/views/layout.html: 0
[2013-04-24 12:43:00] EDIT remote_debugger/views/layout.html: 0
[2013-04-24 12:43:29] EDIT remote_debugger/views/layout.html: -8
[2013-04-24 12:48:17] EDIT remote_debugger/views/layout.html: 0
